<?xml version="1.0" encoding="UTF-8"?>
<testsuites>
  <testsuite name="Alltest" file="/home/student/Desktop/CSCI310-project2/phptest/whitetests.php" tests="5" assertions="7" errors="0" failures="0" skipped="0" time="13.112477">
    <testcase name="testPaperConstructor" class="Alltest" file="/home/student/Desktop/CSCI310-project2/phptest/whitetests.php" line="11" assertions="1" time="0.000727"/>
    <testcase name="testPaperSet" class="Alltest" file="/home/student/Desktop/CSCI310-project2/phptest/whitetests.php" line="26" assertions="3" time="0.000889"/>
    <testcase name="testAPIcommunicatorConstructor" class="Alltest" file="/home/student/Desktop/CSCI310-project2/phptest/whitetests.php" line="44" assertions="1" time="0.001981"/>
    <testcase name="testAPIcommunicatorSearch" class="Alltest" file="/home/student/Desktop/CSCI310-project2/phptest/whitetests.php" line="54" assertions="1" time="12.906745"/>
    <testcase name="testAPIcommunicatorSearchInvalid" class="Alltest" file="/home/student/Desktop/CSCI310-project2/phptest/whitetests.php" line="65" assertions="1" time="0.202135"/>
  </testsuite>
</testsuites>
